{"level":"error","message":"hello Error","ms":"+0ms","timestamp":"2023-07-01T06:39:32.706Z"}
{"level":"warn","message":"hello Warn","ms":"+32ms","timestamp":"2023-07-01T06:39:32.738Z"}
{"level":"info","message":"hello Info","ms":"+9ms","timestamp":"2023-07-01T06:39:32.747Z"}
{"level":"http","message":"hello Http","ms":"+9ms","timestamp":"2023-07-01T06:39:32.756Z"}
{"level":"verbose","message":"hello Verbose","ms":"+9ms","timestamp":"2023-07-01T06:39:32.765Z"}
{"level":"debug","message":"hello Debug","ms":"+19ms","timestamp":"2023-07-01T06:39:32.784Z"}
{"level":"error","message":"hello Silly","ms":"+2ms","timestamp":"2023-07-01T06:39:32.793Z"}
{"level":"warn","message":"hello Warn","ms":"+4ms","timestamp":"2023-07-01T06:39:32.798Z"}
{"level":"info","message":"hello Info","ms":"+5ms","timestamp":"2023-07-01T06:39:32.803Z"}
{"level":"http","message":"hello Http","ms":"+5ms","timestamp":"2023-07-01T06:39:32.808Z"}
{"level":"verbose","message":"hello Verbose","ms":"+7ms","timestamp":"2023-07-01T06:39:32.814Z"}
{"level":"error","message":"hello Error","ms":"+0ms","timestamp":"2023-07-02T07:40:36.714Z"}
{"level":"warn","message":"hello Warn","ms":"+31ms","timestamp":"2023-07-02T07:40:36.746Z"}
{"level":"info","message":"hello Info","ms":"+6ms","timestamp":"2023-07-02T07:40:36.751Z"}
{"level":"http","message":"hello Http","ms":"+21ms","timestamp":"2023-07-02T07:40:36.772Z"}
{"level":"verbose","message":"hello Verbose","ms":"+9ms","timestamp":"2023-07-02T07:40:36.782Z"}
{"level":"debug","message":"hello Debug","ms":"+13ms","timestamp":"2023-07-02T07:40:36.795Z"}
{"level":"error","message":"hello Silly","ms":"+4ms","timestamp":"2023-07-02T07:40:36.868Z"}
{"level":"warn","message":"hello Warn","ms":"+178ms","timestamp":"2023-07-02T07:40:37.046Z"}
{"level":"info","message":"hello Info","ms":"+18ms","timestamp":"2023-07-02T07:40:37.064Z"}
{"level":"http","message":"hello Http","ms":"+20ms","timestamp":"2023-07-02T07:40:37.084Z"}
{"level":"verbose","message":"hello Verbose","ms":"+13ms","timestamp":"2023-07-02T07:40:37.097Z"}
